  [1m[35m (127.5ms)[0m  [1m[35mCREATE TABLE "schema_migrations" ("version" varchar NOT NULL PRIMARY KEY)[0m
  [1m[35m (156.4ms)[0m  [1m[35mCREATE TABLE "ar_internal_metadata" ("key" varchar NOT NULL PRIMARY KEY, "value" varchar, "created_at" datetime NOT NULL, "updated_at" datetime NOT NULL)[0m
  [1m[36mActiveRecord::SchemaMigration Load (0.2ms)[0m  [1m[34mSELECT "schema_migrations".* FROM "schema_migrations"[0m
Migrating to DeviseCreateUsers (20160628070112)
  [1m[35m (0.1ms)[0m  [1m[36mbegin transaction[0m
  [1m[35m (0.5ms)[0m  [1m[35mCREATE TABLE "users" ("id" INTEGER PRIMARY KEY AUTOINCREMENT NOT NULL, "email" varchar DEFAULT '' NOT NULL, "encrypted_password" varchar DEFAULT '' NOT NULL, "reset_password_token" varchar, "reset_password_sent_at" datetime, "remember_created_at" datetime, "sign_in_count" integer DEFAULT 0 NOT NULL, "current_sign_in_at" datetime, "last_sign_in_at" datetime, "current_sign_in_ip" varchar, "last_sign_in_ip" varchar, "created_at" datetime NOT NULL, "updated_at" datetime NOT NULL)[0m
  [1m[35m (0.1ms)[0m  [1m[34mselect sqlite_version(*)[0m
  [1m[35m (0.3ms)[0m  [1m[35mCREATE UNIQUE INDEX "index_users_on_email" ON "users" ("email")[0m
  [1m[35m (0.1ms)[0m  [1m[34m            SELECT sql
            FROM sqlite_master
            WHERE name='index_users_on_email' AND type='index'
            UNION ALL
            SELECT sql
            FROM sqlite_temp_master
            WHERE name='index_users_on_email' AND type='index'
[0m
  [1m[35m (0.2ms)[0m  [1m[35mCREATE UNIQUE INDEX "index_users_on_reset_password_token" ON "users" ("reset_password_token")[0m
  [1m[35mSQL (0.2ms)[0m  [1m[32mINSERT INTO "schema_migrations" ("version") VALUES (?)[0m  [["version", "20160628070112"]]
  [1m[35m (131.4ms)[0m  [1m[36mcommit transaction[0m
  [1m[36mActiveRecord::InternalMetadata Load (0.3ms)[0m  [1m[34mSELECT  "ar_internal_metadata".* FROM "ar_internal_metadata" WHERE "ar_internal_metadata"."key" = ? LIMIT ?[0m  [["key", :environment], ["LIMIT", 1]]
  [1m[35m (0.1ms)[0m  [1m[36mbegin transaction[0m
  [1m[35mSQL (0.3ms)[0m  [1m[32mINSERT INTO "ar_internal_metadata" ("key", "value", "created_at", "updated_at") VALUES (?, ?, ?, ?)[0m  [["key", "environment"], ["value", "development"], ["created_at", 2016-06-28 07:04:58 UTC], ["updated_at", 2016-06-28 07:04:58 UTC]]
  [1m[35m (137.8ms)[0m  [1m[36mcommit transaction[0m
  [1m[36mActiveRecord::SchemaMigration Load (0.2ms)[0m  [1m[34mSELECT "schema_migrations".* FROM "schema_migrations"[0m
  [1m[35m (0.1ms)[0m  [1m[34m            SELECT sql
            FROM sqlite_master
            WHERE name='index_users_on_reset_password_token' AND type='index'
            UNION ALL
            SELECT sql
            FROM sqlite_temp_master
            WHERE name='index_users_on_reset_password_token' AND type='index'
[0m
  [1m[35m (0.1ms)[0m  [1m[34m            SELECT sql
            FROM sqlite_master
            WHERE name='index_users_on_email' AND type='index'
            UNION ALL
            SELECT sql
            FROM sqlite_temp_master
            WHERE name='index_users_on_email' AND type='index'
[0m
Started GET "/" for 127.0.0.1 at 2016-06-28 12:37:05 +0530
  [1m[36mActiveRecord::SchemaMigration Load (0.2ms)[0m  [1m[34mSELECT "schema_migrations".* FROM "schema_migrations"[0m
Processing by Rails::WelcomeController#index as HTML
  Parameters: {"internal"=>true}
  Rendering /home/minions/.rvm/gems/ruby-2.3.1/gems/railties-5.0.0.rc2/lib/rails/templates/rails/welcome/index.html.erb
  Rendered /home/minions/.rvm/gems/ruby-2.3.1/gems/railties-5.0.0.rc2/lib/rails/templates/rails/welcome/index.html.erb (3.6ms)
Completed 200 OK in 19ms (Views: 8.0ms | ActiveRecord: 0.0ms)


  [1m[36mActiveRecord::SchemaMigration Load (0.2ms)[0m  [1m[34mSELECT "schema_migrations".* FROM "schema_migrations"[0m
Migrating to CreateAdmins (20160628072248)
  [1m[35m (0.1ms)[0m  [1m[36mbegin transaction[0m
  [1m[35m (0.5ms)[0m  [1m[35mCREATE TABLE "admins" ("id" INTEGER PRIMARY KEY AUTOINCREMENT NOT NULL, "user_id" integer, "created_at" datetime NOT NULL, "updated_at" datetime NOT NULL)[0m
  [1m[35mSQL (0.2ms)[0m  [1m[32mINSERT INTO "schema_migrations" ("version") VALUES (?)[0m  [["version", "20160628072248"]]
  [1m[35m (141.6ms)[0m  [1m[36mcommit transaction[0m
  [1m[36mActiveRecord::InternalMetadata Load (0.3ms)[0m  [1m[34mSELECT  "ar_internal_metadata".* FROM "ar_internal_metadata" WHERE "ar_internal_metadata"."key" = ? LIMIT ?[0m  [["key", :environment], ["LIMIT", 1]]
  [1m[35m (0.1ms)[0m  [1m[36mbegin transaction[0m
  [1m[35m (0.1ms)[0m  [1m[36mcommit transaction[0m
  [1m[36mActiveRecord::SchemaMigration Load (0.1ms)[0m  [1m[34mSELECT "schema_migrations".* FROM "schema_migrations"[0m
  [1m[35m (0.1ms)[0m  [1m[34m            SELECT sql
            FROM sqlite_master
            WHERE name='index_users_on_reset_password_token' AND type='index'
            UNION ALL
            SELECT sql
            FROM sqlite_temp_master
            WHERE name='index_users_on_reset_password_token' AND type='index'
[0m
  [1m[35m (0.1ms)[0m  [1m[34m            SELECT sql
            FROM sqlite_master
            WHERE name='index_users_on_email' AND type='index'
            UNION ALL
            SELECT sql
            FROM sqlite_temp_master
            WHERE name='index_users_on_email' AND type='index'
[0m
Started GET "/" for 127.0.0.1 at 2016-06-28 12:54:42 +0530
  [1m[36mActiveRecord::SchemaMigration Load (0.2ms)[0m  [1m[34mSELECT "schema_migrations".* FROM "schema_migrations"[0m
  
ActionController::RoutingError (uninitialized constant AdminController):
  
activesupport (5.0.0.rc2) lib/active_support/inflector/methods.rb:268:in `const_get'
activesupport (5.0.0.rc2) lib/active_support/inflector/methods.rb:268:in `block in constantize'
activesupport (5.0.0.rc2) lib/active_support/inflector/methods.rb:266:in `each'
activesupport (5.0.0.rc2) lib/active_support/inflector/methods.rb:266:in `inject'
activesupport (5.0.0.rc2) lib/active_support/inflector/methods.rb:266:in `constantize'
actionpack (5.0.0.rc2) lib/action_dispatch/http/request.rb:93:in `controller_class'
actionpack (5.0.0.rc2) lib/action_dispatch/routing/route_set.rb:44:in `controller'
actionpack (5.0.0.rc2) lib/action_dispatch/routing/route_set.rb:30:in `serve'
actionpack (5.0.0.rc2) lib/action_dispatch/journey/router.rb:39:in `block in serve'
actionpack (5.0.0.rc2) lib/action_dispatch/journey/router.rb:26:in `each'
actionpack (5.0.0.rc2) lib/action_dispatch/journey/router.rb:26:in `serve'
actionpack (5.0.0.rc2) lib/action_dispatch/routing/route_set.rb:725:in `call'
warden (1.2.6) lib/warden/manager.rb:35:in `block in call'
warden (1.2.6) lib/warden/manager.rb:34:in `catch'
warden (1.2.6) lib/warden/manager.rb:34:in `call'
rack (2.0.0.rc1) lib/rack/etag.rb:25:in `call'
rack (2.0.0.rc1) lib/rack/conditional_get.rb:25:in `call'
rack (2.0.0.rc1) lib/rack/head.rb:12:in `call'
rack (2.0.0.rc1) lib/rack/session/abstract/id.rb:222:in `context'
rack (2.0.0.rc1) lib/rack/session/abstract/id.rb:216:in `call'
actionpack (5.0.0.rc2) lib/action_dispatch/middleware/cookies.rb:613:in `call'
activerecord (5.0.0.rc2) lib/active_record/migration.rb:552:in `call'
actionpack (5.0.0.rc2) lib/action_dispatch/middleware/callbacks.rb:38:in `block in call'
activesupport (5.0.0.rc2) lib/active_support/callbacks.rb:97:in `__run_callbacks__'
activesupport (5.0.0.rc2) lib/active_support/callbacks.rb:750:in `_run_call_callbacks'
activesupport (5.0.0.rc2) lib/active_support/callbacks.rb:90:in `run_callbacks'
actionpack (5.0.0.rc2) lib/action_dispatch/middleware/callbacks.rb:36:in `call'
actionpack (5.0.0.rc2) lib/action_dispatch/middleware/executor.rb:12:in `call'
actionpack (5.0.0.rc2) lib/action_dispatch/middleware/remote_ip.rb:79:in `call'
actionpack (5.0.0.rc2) lib/action_dispatch/middleware/debug_exceptions.rb:49:in `call'
web-console (3.3.0) lib/web_console/middleware.rb:131:in `call_app'
web-console (3.3.0) lib/web_console/middleware.rb:28:in `block in call'
web-console (3.3.0) lib/web_console/middleware.rb:18:in `catch'
web-console (3.3.0) lib/web_console/middleware.rb:18:in `call'
actionpack (5.0.0.rc2) lib/action_dispatch/middleware/show_exceptions.rb:31:in `call'
railties (5.0.0.rc2) lib/rails/rack/logger.rb:36:in `call_app'
railties (5.0.0.rc2) lib/rails/rack/logger.rb:24:in `block in call'
activesupport (5.0.0.rc2) lib/active_support/tagged_logging.rb:70:in `block in tagged'
activesupport (5.0.0.rc2) lib/active_support/tagged_logging.rb:26:in `tagged'
activesupport (5.0.0.rc2) lib/active_support/tagged_logging.rb:70:in `tagged'
railties (5.0.0.rc2) lib/rails/rack/logger.rb:24:in `call'
sprockets-rails (3.1.0) lib/sprockets/rails/quiet_assets.rb:13:in `call'
actionpack (5.0.0.rc2) lib/action_dispatch/middleware/request_id.rb:24:in `call'
rack (2.0.0.rc1) lib/rack/method_override.rb:22:in `call'
rack (2.0.0.rc1) lib/rack/runtime.rb:22:in `call'
activesupport (5.0.0.rc2) lib/active_support/cache/strategy/local_cache_middleware.rb:28:in `call'
actionpack (5.0.0.rc2) lib/action_dispatch/middleware/executor.rb:12:in `call'
actionpack (5.0.0.rc2) lib/action_dispatch/middleware/static.rb:136:in `call'
rack (2.0.0.rc1) lib/rack/sendfile.rb:111:in `call'
railties (5.0.0.rc2) lib/rails/engine.rb:522:in `call'
puma (3.4.0) lib/puma/configuration.rb:224:in `call'
puma (3.4.0) lib/puma/server.rb:569:in `handle_request'
puma (3.4.0) lib/puma/server.rb:406:in `process_client'
puma (3.4.0) lib/puma/server.rb:271:in `block in run'
puma (3.4.0) lib/puma/thread_pool.rb:114:in `block in spawn_thread'
  Rendering /home/minions/.rvm/gems/ruby-2.3.1/gems/actionpack-5.0.0.rc2/lib/action_dispatch/middleware/templates/rescues/routing_error.html.erb within rescues/layout
  Rendering /home/minions/.rvm/gems/ruby-2.3.1/gems/actionpack-5.0.0.rc2/lib/action_dispatch/middleware/templates/rescues/_trace.html.erb
  Rendered /home/minions/.rvm/gems/ruby-2.3.1/gems/actionpack-5.0.0.rc2/lib/action_dispatch/middleware/templates/rescues/_trace.html.erb (2.4ms)
  Rendered collection of /home/minions/.rvm/gems/ruby-2.3.1/gems/actionpack-5.0.0.rc2/lib/action_dispatch/middleware/templates/routes/_route.html.erb [24 times] (14.2ms)
  Rendered /home/minions/.rvm/gems/ruby-2.3.1/gems/actionpack-5.0.0.rc2/lib/action_dispatch/middleware/templates/routes/_table.html.erb (9.7ms)
  Rendering /home/minions/.rvm/gems/ruby-2.3.1/gems/actionpack-5.0.0.rc2/lib/action_dispatch/middleware/templates/rescues/_request_and_response.html.erb
  Rendered /home/minions/.rvm/gems/ruby-2.3.1/gems/actionpack-5.0.0.rc2/lib/action_dispatch/middleware/templates/rescues/_request_and_response.html.erb (12.0ms)
  Rendered /home/minions/.rvm/gems/ruby-2.3.1/gems/actionpack-5.0.0.rc2/lib/action_dispatch/middleware/templates/rescues/routing_error.html.erb within rescues/layout (70.0ms)
Started GET "/" for 127.0.0.1 at 2016-06-28 12:54:57 +0530
Processing by AdminsController#index as HTML
Completed 401 Unauthorized in 8ms (ActiveRecord: 0.0ms)


Started GET "/users/sign_in" for 127.0.0.1 at 2016-06-28 12:54:57 +0530
Processing by Users::SessionsController#new as HTML
  Rendering devise/sessions/new.html.erb within layouts/application
  Rendered devise/shared/_links.html.erb (2.2ms)
  Rendered devise/sessions/new.html.erb within layouts/application (12.3ms)
Completed 200 OK in 722ms (Views: 701.2ms | ActiveRecord: 1.0ms)


Started GET "/users/sign_up" for 127.0.0.1 at 2016-06-28 12:55:04 +0530
Processing by Devise::RegistrationsController#new as HTML
  Rendering devise/registrations/new.html.erb within layouts/application
  Rendered devise/shared/_links.html.erb (1.7ms)
  Rendered devise/registrations/new.html.erb within layouts/application (7.4ms)
Completed 200 OK in 65ms (Views: 63.6ms | ActiveRecord: 0.0ms)


Started POST "/users" for 127.0.0.1 at 2016-06-28 12:55:29 +0530
Processing by Devise::RegistrationsController#create as HTML
  Parameters: {"utf8"=>"✓", "authenticity_token"=>"MlAIEKS5Ascgn+aaxN9NdsuOP0sRE8d3+61kzuePRqP8D6xRSZVyyYm3yNGdn429hKkjybZ+CzjODK54khRrFw==", "user"=>{"email"=>"shilpi.kayal@gmail.com", "password"=>"[FILTERED]", "password_confirmation"=>"[FILTERED]"}, "commit"=>"Sign up"}
  [1m[35m (0.9ms)[0m  [1m[36mbegin transaction[0m
  [1m[36mUser Exists (0.2ms)[0m  [1m[34mSELECT  1 AS one FROM "users" WHERE "users"."email" = ? LIMIT ?[0m  [["email", "shilpi.kayal@gmail.com"], ["LIMIT", 1]]
  [1m[35mSQL (1.6ms)[0m  [1m[32mINSERT INTO "users" ("email", "encrypted_password", "created_at", "updated_at") VALUES (?, ?, ?, ?)[0m  [["email", "shilpi.kayal@gmail.com"], ["encrypted_password", "$2a$11$xkt7b1b0wqjcPgu2dKAbO.yrIV38EEcQAEdPJkHFFyOTm.vKsZAa2"], ["created_at", 2016-06-28 07:25:29 UTC], ["updated_at", 2016-06-28 07:25:29 UTC]]
  [1m[35m (153.8ms)[0m  [1m[36mcommit transaction[0m
  [1m[35m (0.1ms)[0m  [1m[36mbegin transaction[0m
  [1m[35mSQL (0.4ms)[0m  [1m[33mUPDATE "users" SET "sign_in_count" = ?, "current_sign_in_at" = ?, "last_sign_in_at" = ?, "current_sign_in_ip" = ?, "last_sign_in_ip" = ?, "updated_at" = ? WHERE "users"."id" = ?[0m  [["sign_in_count", 1], ["current_sign_in_at", 2016-06-28 07:25:30 UTC], ["last_sign_in_at", 2016-06-28 07:25:30 UTC], ["current_sign_in_ip", "127.0.0.1"], ["last_sign_in_ip", "127.0.0.1"], ["updated_at", 2016-06-28 07:25:30 UTC], ["id", 1]]
  [1m[35m (142.7ms)[0m  [1m[36mcommit transaction[0m
Redirected to http://localhost:3000/
Completed 302 Found in 472ms (ActiveRecord: 299.7ms)


Started GET "/" for 127.0.0.1 at 2016-06-28 12:55:30 +0530
Processing by AdminsController#index as HTML
  [1m[36mUser Load (0.3ms)[0m  [1m[34mSELECT  "users".* FROM "users" WHERE "users"."id" = ? ORDER BY "users"."id" ASC LIMIT ?[0m  [["id", 1], ["LIMIT", 1]]
  Rendering admins/index.html.erb within layouts/application
  [1m[36mUser Load (0.2ms)[0m  [1m[34mSELECT "users".* FROM "users"[0m
  Rendered admins/index.html.erb within layouts/application (15.4ms)
Completed 500 Internal Server Error in 23ms (ActiveRecord: 0.5ms)


  
ActionView::Template::Error (undefined method `user_id' for #<User:0x007f31252a58e8>):
    13:   <tbody>
    14:     <% @users.each do |user| %>
    15:       <tr>
    16:         <td><%= user.user_id %></td>
    17:         <td><%= link_to 'Show', user %></td>
    18:         <td><%= link_to 'Edit', edit_admin_path(user) %></td>
    19:         <td><%= link_to 'Destroy', user, method: :delete, data: { confirm: 'Are you sure?' } %></td>
  
app/views/admins/index.html.erb:16:in `block in _app_views_admins_index_html_erb___415590618661544745_69924526192920'
app/views/admins/index.html.erb:14:in `_app_views_admins_index_html_erb___415590618661544745_69924526192920'
  Rendering /home/minions/.rvm/gems/ruby-2.3.1/gems/actionpack-5.0.0.rc2/lib/action_dispatch/middleware/templates/rescues/template_error.html.erb within rescues/layout
  Rendering /home/minions/.rvm/gems/ruby-2.3.1/gems/actionpack-5.0.0.rc2/lib/action_dispatch/middleware/templates/rescues/_source.html.erb
  Rendered /home/minions/.rvm/gems/ruby-2.3.1/gems/actionpack-5.0.0.rc2/lib/action_dispatch/middleware/templates/rescues/_source.html.erb (5.3ms)
  Rendering /home/minions/.rvm/gems/ruby-2.3.1/gems/actionpack-5.0.0.rc2/lib/action_dispatch/middleware/templates/rescues/_trace.html.erb
  Rendered /home/minions/.rvm/gems/ruby-2.3.1/gems/actionpack-5.0.0.rc2/lib/action_dispatch/middleware/templates/rescues/_trace.html.erb (2.4ms)
  Rendering /home/minions/.rvm/gems/ruby-2.3.1/gems/actionpack-5.0.0.rc2/lib/action_dispatch/middleware/templates/rescues/_request_and_response.html.erb
  Rendered /home/minions/.rvm/gems/ruby-2.3.1/gems/actionpack-5.0.0.rc2/lib/action_dispatch/middleware/templates/rescues/_request_and_response.html.erb (1.1ms)
  Rendered /home/minions/.rvm/gems/ruby-2.3.1/gems/actionpack-5.0.0.rc2/lib/action_dispatch/middleware/templates/rescues/template_error.html.erb within rescues/layout (25.8ms)
Started GET "/" for 127.0.0.1 at 2016-06-28 12:55:49 +0530
Processing by AdminsController#index as HTML
  [1m[36mUser Load (0.5ms)[0m  [1m[34mSELECT  "users".* FROM "users" WHERE "users"."id" = ? ORDER BY "users"."id" ASC LIMIT ?[0m  [["id", 1], ["LIMIT", 1]]
  Rendering admins/index.html.erb within layouts/application
  [1m[36mUser Load (0.2ms)[0m  [1m[34mSELECT "users".* FROM "users"[0m
  Rendered admins/index.html.erb within layouts/application (101.2ms)
Completed 500 Internal Server Error in 109ms (ActiveRecord: 0.8ms)


  
ActionView::Template::Error (undefined method `user_path' for #<#<Class:0x007f312516e0b0>:0x007f31269552a0>):
    14:     <% @users.each do |user| %>
    15:       <tr>
    16:         <td><%= user.id %></td>
    17:         <td><%= link_to 'Show', user %></td>
    18:         <td><%= link_to 'Edit', edit_admin_path(user) %></td>
    19:         <td><%= link_to 'Destroy', user, method: :delete, data: { confirm: 'Are you sure?' } %></td>
    20:       </tr>
  
app/views/admins/index.html.erb:17:in `block in _app_views_admins_index_html_erb___415590618661544745_69924538724000'
app/views/admins/index.html.erb:14:in `_app_views_admins_index_html_erb___415590618661544745_69924538724000'
  Rendering /home/minions/.rvm/gems/ruby-2.3.1/gems/actionpack-5.0.0.rc2/lib/action_dispatch/middleware/templates/rescues/template_error.html.erb within rescues/layout
  Rendering /home/minions/.rvm/gems/ruby-2.3.1/gems/actionpack-5.0.0.rc2/lib/action_dispatch/middleware/templates/rescues/_source.html.erb
  Rendered /home/minions/.rvm/gems/ruby-2.3.1/gems/actionpack-5.0.0.rc2/lib/action_dispatch/middleware/templates/rescues/_source.html.erb (7.5ms)
  Rendering /home/minions/.rvm/gems/ruby-2.3.1/gems/actionpack-5.0.0.rc2/lib/action_dispatch/middleware/templates/rescues/_trace.html.erb
  Rendered /home/minions/.rvm/gems/ruby-2.3.1/gems/actionpack-5.0.0.rc2/lib/action_dispatch/middleware/templates/rescues/_trace.html.erb (2.4ms)
  Rendering /home/minions/.rvm/gems/ruby-2.3.1/gems/actionpack-5.0.0.rc2/lib/action_dispatch/middleware/templates/rescues/_request_and_response.html.erb
  Rendered /home/minions/.rvm/gems/ruby-2.3.1/gems/actionpack-5.0.0.rc2/lib/action_dispatch/middleware/templates/rescues/_request_and_response.html.erb (1.0ms)
  Rendered /home/minions/.rvm/gems/ruby-2.3.1/gems/actionpack-5.0.0.rc2/lib/action_dispatch/middleware/templates/rescues/template_error.html.erb within rescues/layout (27.8ms)
Started GET "/" for 127.0.0.1 at 2016-06-28 12:56:04 +0530
Processing by AdminsController#index as HTML
  [1m[36mUser Load (0.4ms)[0m  [1m[34mSELECT  "users".* FROM "users" WHERE "users"."id" = ? ORDER BY "users"."id" ASC LIMIT ?[0m  [["id", 1], ["LIMIT", 1]]
  Rendering admins/index.html.erb within layouts/application
  [1m[36mUser Load (0.3ms)[0m  [1m[34mSELECT "users".* FROM "users"[0m
  Rendered admins/index.html.erb within layouts/application (5.4ms)
Completed 200 OK in 45ms (Views: 42.3ms | ActiveRecord: 0.7ms)


Started GET "/rails/info/routes" for 127.0.0.1 at 2016-06-28 13:00:43 +0530
Processing by Rails::InfoController#routes as HTML
  Parameters: {"internal"=>true}
  Rendering /home/minions/.rvm/gems/ruby-2.3.1/gems/railties-5.0.0.rc2/lib/rails/templates/rails/info/routes.html.erb within layouts/application
  Rendered collection of /home/minions/.rvm/gems/ruby-2.3.1/gems/actionpack-5.0.0.rc2/lib/action_dispatch/middleware/templates/routes/_route.html.erb [24 times] (11.8ms)
  Rendered /home/minions/.rvm/gems/ruby-2.3.1/gems/actionpack-5.0.0.rc2/lib/action_dispatch/middleware/templates/routes/_table.html.erb (1.7ms)
  Rendered /home/minions/.rvm/gems/ruby-2.3.1/gems/railties-5.0.0.rc2/lib/rails/templates/rails/info/routes.html.erb within layouts/application (20.6ms)
Completed 200 OK in 28ms (Views: 24.1ms | ActiveRecord: 0.0ms)


Started GET "/" for 127.0.0.1 at 2016-06-28 13:01:38 +0530
Processing by AdminsController#index as HTML
  [1m[36mUser Load (0.3ms)[0m  [1m[34mSELECT  "users".* FROM "users" WHERE "users"."id" = ? ORDER BY "users"."id" ASC LIMIT ?[0m  [["id", 1], ["LIMIT", 1]]
  Rendering admins/index.html.erb within layouts/application
  Rendered admins/index.html.erb within layouts/application (3.1ms)
Completed 500 Internal Server Error in 9ms (ActiveRecord: 0.3ms)


  
ActionView::Template::Error (Missing partial shared/_headers with {:locale=>[:en], :formats=>[:html], :variants=>[], :handlers=>[:raw, :erb, :html, :builder, :ruby, :coffee, :jbuilder]}. Searched in:
  * "/home/minions/Documents/WorkProjects/saksharta/app/views"
  * "/home/minions/.rvm/gems/ruby-2.3.1/gems/devise-4.1.1/app/views"
):
    1: <p id="notice"><%= notice %></p>
    2: 
    3: <%= render 'shared/headers' %>
    4: 
    5: <h1>Admins</h1>
    6: 
  
app/views/admins/index.html.erb:3:in `_app_views_admins_index_html_erb___415590618661544745_69924531139320'
  Rendering /home/minions/.rvm/gems/ruby-2.3.1/gems/actionpack-5.0.0.rc2/lib/action_dispatch/middleware/templates/rescues/template_error.html.erb within rescues/layout
  Rendering /home/minions/.rvm/gems/ruby-2.3.1/gems/actionpack-5.0.0.rc2/lib/action_dispatch/middleware/templates/rescues/_source.html.erb
  Rendered /home/minions/.rvm/gems/ruby-2.3.1/gems/actionpack-5.0.0.rc2/lib/action_dispatch/middleware/templates/rescues/_source.html.erb (14.8ms)
  Rendering /home/minions/.rvm/gems/ruby-2.3.1/gems/actionpack-5.0.0.rc2/lib/action_dispatch/middleware/templates/rescues/_trace.html.erb
  Rendered /home/minions/.rvm/gems/ruby-2.3.1/gems/actionpack-5.0.0.rc2/lib/action_dispatch/middleware/templates/rescues/_trace.html.erb (2.3ms)
  Rendering /home/minions/.rvm/gems/ruby-2.3.1/gems/actionpack-5.0.0.rc2/lib/action_dispatch/middleware/templates/rescues/_request_and_response.html.erb
  Rendered /home/minions/.rvm/gems/ruby-2.3.1/gems/actionpack-5.0.0.rc2/lib/action_dispatch/middleware/templates/rescues/_request_and_response.html.erb (0.9ms)
  Rendered /home/minions/.rvm/gems/ruby-2.3.1/gems/actionpack-5.0.0.rc2/lib/action_dispatch/middleware/templates/rescues/template_error.html.erb within rescues/layout (34.3ms)
Started GET "/" for 127.0.0.1 at 2016-06-28 13:02:27 +0530
Processing by AdminsController#index as HTML
  [1m[36mUser Load (0.3ms)[0m  [1m[34mSELECT  "users".* FROM "users" WHERE "users"."id" = ? ORDER BY "users"."id" ASC LIMIT ?[0m  [["id", 1], ["LIMIT", 1]]
  Rendering admins/index.html.erb within layouts/application
  [1m[36mUser Load (0.2ms)[0m  [1m[34mSELECT "users".* FROM "users"[0m
  Rendered admins/index.html.erb within layouts/application (98.7ms)
Completed 500 Internal Server Error in 104ms (ActiveRecord: 0.5ms)


  
ActionView::Template::Error (undefined method `partial' for #<#<Class:0x007f312516e0b0>:0x007f3126ae3ab8>):
    1: <p id="notice"><%= notice %></p>
    2: 
    3: <%= render partial 'shared/headers' %>
    4: 
    5: <h1>Admins</h1>
    6: 
  
app/views/admins/index.html.erb:3:in `_app_views_admins_index_html_erb___415590618661544745_69924539564660'
  Rendering /home/minions/.rvm/gems/ruby-2.3.1/gems/actionpack-5.0.0.rc2/lib/action_dispatch/middleware/templates/rescues/template_error.html.erb within rescues/layout
  Rendering /home/minions/.rvm/gems/ruby-2.3.1/gems/actionpack-5.0.0.rc2/lib/action_dispatch/middleware/templates/rescues/_source.html.erb
  Rendered /home/minions/.rvm/gems/ruby-2.3.1/gems/actionpack-5.0.0.rc2/lib/action_dispatch/middleware/templates/rescues/_source.html.erb (5.9ms)
  Rendering /home/minions/.rvm/gems/ruby-2.3.1/gems/actionpack-5.0.0.rc2/lib/action_dispatch/middleware/templates/rescues/_trace.html.erb
  Rendered /home/minions/.rvm/gems/ruby-2.3.1/gems/actionpack-5.0.0.rc2/lib/action_dispatch/middleware/templates/rescues/_trace.html.erb (2.9ms)
  Rendering /home/minions/.rvm/gems/ruby-2.3.1/gems/actionpack-5.0.0.rc2/lib/action_dispatch/middleware/templates/rescues/_request_and_response.html.erb
  Rendered /home/minions/.rvm/gems/ruby-2.3.1/gems/actionpack-5.0.0.rc2/lib/action_dispatch/middleware/templates/rescues/_request_and_response.html.erb (0.9ms)
  Rendered /home/minions/.rvm/gems/ruby-2.3.1/gems/actionpack-5.0.0.rc2/lib/action_dispatch/middleware/templates/rescues/template_error.html.erb within rescues/layout (27.4ms)
Started GET "/" for 127.0.0.1 at 2016-06-28 13:02:38 +0530
Processing by AdminsController#index as HTML
  [1m[36mUser Load (0.4ms)[0m  [1m[34mSELECT  "users".* FROM "users" WHERE "users"."id" = ? ORDER BY "users"."id" ASC LIMIT ?[0m  [["id", 1], ["LIMIT", 1]]
  Rendering admins/index.html.erb within layouts/application
  Rendered admins/index.html.erb within layouts/application (3.6ms)
Completed 500 Internal Server Error in 13ms (ActiveRecord: 0.4ms)


  
ActionView::Template::Error (Missing partial shared/_headers with {:locale=>[:en], :formats=>[:html], :variants=>[], :handlers=>[:raw, :erb, :html, :builder, :ruby, :coffee, :jbuilder]}. Searched in:
  * "/home/minions/Documents/WorkProjects/saksharta/app/views"
  * "/home/minions/.rvm/gems/ruby-2.3.1/gems/devise-4.1.1/app/views"
):
    1: <p id="notice"><%= notice %></p>
    2: 
    3: <%= render partial: 'shared/headers' %>
    4: 
    5: <h1>Admins</h1>
    6: 
  
app/views/admins/index.html.erb:3:in `_app_views_admins_index_html_erb___415590618661544745_40506560'
  Rendering /home/minions/.rvm/gems/ruby-2.3.1/gems/actionpack-5.0.0.rc2/lib/action_dispatch/middleware/templates/rescues/template_error.html.erb within rescues/layout
  Rendering /home/minions/.rvm/gems/ruby-2.3.1/gems/actionpack-5.0.0.rc2/lib/action_dispatch/middleware/templates/rescues/_source.html.erb
  Rendered /home/minions/.rvm/gems/ruby-2.3.1/gems/actionpack-5.0.0.rc2/lib/action_dispatch/middleware/templates/rescues/_source.html.erb (5.1ms)
  Rendering /home/minions/.rvm/gems/ruby-2.3.1/gems/actionpack-5.0.0.rc2/lib/action_dispatch/middleware/templates/rescues/_trace.html.erb
  Rendered /home/minions/.rvm/gems/ruby-2.3.1/gems/actionpack-5.0.0.rc2/lib/action_dispatch/middleware/templates/rescues/_trace.html.erb (2.5ms)
  Rendering /home/minions/.rvm/gems/ruby-2.3.1/gems/actionpack-5.0.0.rc2/lib/action_dispatch/middleware/templates/rescues/_request_and_response.html.erb
  Rendered /home/minions/.rvm/gems/ruby-2.3.1/gems/actionpack-5.0.0.rc2/lib/action_dispatch/middleware/templates/rescues/_request_and_response.html.erb (0.8ms)
  Rendered /home/minions/.rvm/gems/ruby-2.3.1/gems/actionpack-5.0.0.rc2/lib/action_dispatch/middleware/templates/rescues/template_error.html.erb within rescues/layout (24.5ms)
Started GET "/" for 127.0.0.1 at 2016-06-28 13:02:53 +0530
Processing by AdminsController#index as HTML
  [1m[36mUser Load (0.5ms)[0m  [1m[34mSELECT  "users".* FROM "users" WHERE "users"."id" = ? ORDER BY "users"."id" ASC LIMIT ?[0m  [["id", 1], ["LIMIT", 1]]
  Rendering admins/index.html.erb within layouts/application
  Rendered shared/_header.html.erb (0.8ms)
  [1m[36mUser Load (0.3ms)[0m  [1m[34mSELECT "users".* FROM "users"[0m
  Rendered admins/index.html.erb within layouts/application (4.0ms)
Completed 200 OK in 35ms (Views: 32.1ms | ActiveRecord: 0.8ms)


Started GET "/" for 127.0.0.1 at 2016-06-28 13:04:16 +0530
Processing by AdminsController#index as HTML
  [1m[36mUser Load (0.3ms)[0m  [1m[34mSELECT  "users".* FROM "users" WHERE "users"."id" = ? ORDER BY "users"."id" ASC LIMIT ?[0m  [["id", 1], ["LIMIT", 1]]
  Rendering admins/index.html.erb within layouts/application
  Rendered shared/_header.html.erb (0.8ms)
  [1m[36mUser Load (0.4ms)[0m  [1m[34mSELECT "users".* FROM "users"[0m
  Rendered admins/index.html.erb within layouts/application (6.4ms)
Completed 200 OK in 36ms (Views: 33.2ms | ActiveRecord: 0.7ms)


Started GET "/users/sign_out" for 127.0.0.1 at 2016-06-28 13:04:21 +0530
  
ActionController::RoutingError (No route matches [GET] "/users/sign_out"):
  
actionpack (5.0.0.rc2) lib/action_dispatch/middleware/debug_exceptions.rb:53:in `call'
web-console (3.3.0) lib/web_console/middleware.rb:131:in `call_app'
web-console (3.3.0) lib/web_console/middleware.rb:28:in `block in call'
web-console (3.3.0) lib/web_console/middleware.rb:18:in `catch'
web-console (3.3.0) lib/web_console/middleware.rb:18:in `call'
actionpack (5.0.0.rc2) lib/action_dispatch/middleware/show_exceptions.rb:31:in `call'
railties (5.0.0.rc2) lib/rails/rack/logger.rb:36:in `call_app'
railties (5.0.0.rc2) lib/rails/rack/logger.rb:24:in `block in call'
activesupport (5.0.0.rc2) lib/active_support/tagged_logging.rb:70:in `block in tagged'
activesupport (5.0.0.rc2) lib/active_support/tagged_logging.rb:26:in `tagged'
activesupport (5.0.0.rc2) lib/active_support/tagged_logging.rb:70:in `tagged'
railties (5.0.0.rc2) lib/rails/rack/logger.rb:24:in `call'
sprockets-rails (3.1.0) lib/sprockets/rails/quiet_assets.rb:13:in `call'
actionpack (5.0.0.rc2) lib/action_dispatch/middleware/request_id.rb:24:in `call'
rack (2.0.0.rc1) lib/rack/method_override.rb:22:in `call'
rack (2.0.0.rc1) lib/rack/runtime.rb:22:in `call'
activesupport (5.0.0.rc2) lib/active_support/cache/strategy/local_cache_middleware.rb:28:in `call'
actionpack (5.0.0.rc2) lib/action_dispatch/middleware/executor.rb:12:in `call'
actionpack (5.0.0.rc2) lib/action_dispatch/middleware/static.rb:136:in `call'
rack (2.0.0.rc1) lib/rack/sendfile.rb:111:in `call'
railties (5.0.0.rc2) lib/rails/engine.rb:522:in `call'
puma (3.4.0) lib/puma/configuration.rb:224:in `call'
puma (3.4.0) lib/puma/server.rb:569:in `handle_request'
puma (3.4.0) lib/puma/server.rb:406:in `process_client'
puma (3.4.0) lib/puma/server.rb:271:in `block in run'
puma (3.4.0) lib/puma/thread_pool.rb:114:in `block in spawn_thread'
  Rendering /home/minions/.rvm/gems/ruby-2.3.1/gems/actionpack-5.0.0.rc2/lib/action_dispatch/middleware/templates/rescues/routing_error.html.erb within rescues/layout
  Rendering /home/minions/.rvm/gems/ruby-2.3.1/gems/actionpack-5.0.0.rc2/lib/action_dispatch/middleware/templates/rescues/_trace.html.erb
  Rendered /home/minions/.rvm/gems/ruby-2.3.1/gems/actionpack-5.0.0.rc2/lib/action_dispatch/middleware/templates/rescues/_trace.html.erb (1.2ms)
  Rendered collection of /home/minions/.rvm/gems/ruby-2.3.1/gems/actionpack-5.0.0.rc2/lib/action_dispatch/middleware/templates/routes/_route.html.erb [24 times] (17.6ms)
  Rendered /home/minions/.rvm/gems/ruby-2.3.1/gems/actionpack-5.0.0.rc2/lib/action_dispatch/middleware/templates/routes/_table.html.erb (1.3ms)
  Rendering /home/minions/.rvm/gems/ruby-2.3.1/gems/actionpack-5.0.0.rc2/lib/action_dispatch/middleware/templates/rescues/_request_and_response.html.erb
  Rendered /home/minions/.rvm/gems/ruby-2.3.1/gems/actionpack-5.0.0.rc2/lib/action_dispatch/middleware/templates/rescues/_request_and_response.html.erb (1.2ms)
  Rendered /home/minions/.rvm/gems/ruby-2.3.1/gems/actionpack-5.0.0.rc2/lib/action_dispatch/middleware/templates/rescues/routing_error.html.erb within rescues/layout (43.2ms)
Started GET "/users/sign_out" for 127.0.0.1 at 2016-06-28 13:04:41 +0530
  
ActionController::RoutingError (No route matches [GET] "/users/sign_out"):
  
actionpack (5.0.0.rc2) lib/action_dispatch/middleware/debug_exceptions.rb:53:in `call'
web-console (3.3.0) lib/web_console/middleware.rb:131:in `call_app'
web-console (3.3.0) lib/web_console/middleware.rb:28:in `block in call'
web-console (3.3.0) lib/web_console/middleware.rb:18:in `catch'
web-console (3.3.0) lib/web_console/middleware.rb:18:in `call'
actionpack (5.0.0.rc2) lib/action_dispatch/middleware/show_exceptions.rb:31:in `call'
railties (5.0.0.rc2) lib/rails/rack/logger.rb:36:in `call_app'
railties (5.0.0.rc2) lib/rails/rack/logger.rb:24:in `block in call'
activesupport (5.0.0.rc2) lib/active_support/tagged_logging.rb:70:in `block in tagged'
activesupport (5.0.0.rc2) lib/active_support/tagged_logging.rb:26:in `tagged'
activesupport (5.0.0.rc2) lib/active_support/tagged_logging.rb:70:in `tagged'
railties (5.0.0.rc2) lib/rails/rack/logger.rb:24:in `call'
sprockets-rails (3.1.0) lib/sprockets/rails/quiet_assets.rb:13:in `call'
actionpack (5.0.0.rc2) lib/action_dispatch/middleware/request_id.rb:24:in `call'
rack (2.0.0.rc1) lib/rack/method_override.rb:22:in `call'
rack (2.0.0.rc1) lib/rack/runtime.rb:22:in `call'
activesupport (5.0.0.rc2) lib/active_support/cache/strategy/local_cache_middleware.rb:28:in `call'
actionpack (5.0.0.rc2) lib/action_dispatch/middleware/executor.rb:12:in `call'
actionpack (5.0.0.rc2) lib/action_dispatch/middleware/static.rb:136:in `call'
rack (2.0.0.rc1) lib/rack/sendfile.rb:111:in `call'
railties (5.0.0.rc2) lib/rails/engine.rb:522:in `call'
puma (3.4.0) lib/puma/configuration.rb:224:in `call'
puma (3.4.0) lib/puma/server.rb:569:in `handle_request'
puma (3.4.0) lib/puma/server.rb:406:in `process_client'
puma (3.4.0) lib/puma/server.rb:271:in `block in run'
puma (3.4.0) lib/puma/thread_pool.rb:114:in `block in spawn_thread'
  Rendering /home/minions/.rvm/gems/ruby-2.3.1/gems/actionpack-5.0.0.rc2/lib/action_dispatch/middleware/templates/rescues/routing_error.html.erb within rescues/layout
  Rendering /home/minions/.rvm/gems/ruby-2.3.1/gems/actionpack-5.0.0.rc2/lib/action_dispatch/middleware/templates/rescues/_trace.html.erb
  Rendered /home/minions/.rvm/gems/ruby-2.3.1/gems/actionpack-5.0.0.rc2/lib/action_dispatch/middleware/templates/rescues/_trace.html.erb (1.8ms)
  Rendered collection of /home/minions/.rvm/gems/ruby-2.3.1/gems/actionpack-5.0.0.rc2/lib/action_dispatch/middleware/templates/routes/_route.html.erb [24 times] (9.2ms)
  Rendered /home/minions/.rvm/gems/ruby-2.3.1/gems/actionpack-5.0.0.rc2/lib/action_dispatch/middleware/templates/routes/_table.html.erb (1.3ms)
  Rendering /home/minions/.rvm/gems/ruby-2.3.1/gems/actionpack-5.0.0.rc2/lib/action_dispatch/middleware/templates/rescues/_request_and_response.html.erb
  Rendered /home/minions/.rvm/gems/ruby-2.3.1/gems/actionpack-5.0.0.rc2/lib/action_dispatch/middleware/templates/rescues/_request_and_response.html.erb (1.3ms)
  Rendered /home/minions/.rvm/gems/ruby-2.3.1/gems/actionpack-5.0.0.rc2/lib/action_dispatch/middleware/templates/rescues/routing_error.html.erb within rescues/layout (36.7ms)
Started GET "/users/sign_in" for 127.0.0.1 at 2016-06-28 13:04:47 +0530
Processing by Users::SessionsController#new as HTML
  [1m[36mUser Load (0.2ms)[0m  [1m[34mSELECT  "users".* FROM "users" WHERE "users"."id" = ? ORDER BY "users"."id" ASC LIMIT ?[0m  [["id", 1], ["LIMIT", 1]]
Redirected to http://localhost:3000/
Filter chain halted as :require_no_authentication rendered or redirected
Completed 302 Found in 3ms (ActiveRecord: 0.2ms)


Started GET "/" for 127.0.0.1 at 2016-06-28 13:04:47 +0530
Processing by AdminsController#index as HTML
  [1m[36mUser Load (0.2ms)[0m  [1m[34mSELECT  "users".* FROM "users" WHERE "users"."id" = ? ORDER BY "users"."id" ASC LIMIT ?[0m  [["id", 1], ["LIMIT", 1]]
  Rendering admins/index.html.erb within layouts/application
  [1m[36mUser Load (0.2ms)[0m  [1m[34mSELECT "users".* FROM "users"[0m
  Rendered shared/_header.html.erb (166.6ms)
  Rendered admins/index.html.erb within layouts/application (168.4ms)
Completed 500 Internal Server Error in 174ms (ActiveRecord: 0.4ms)


  
ActionView::Template::Error (undefined local variable or method `delete' for #<#<Class:0x007f312516e0b0>:0x007f31269d5590>):
    2:   <h3> Welcome <%= current_user.email %>! </h3>
    3: </div>
    4: <div>
    5:   <%= link_to 'Logout', destroy_user_session_path, method: delete %>
    6: </div>
  
app/views/shared/_header.html.erb:5:in `_app_views_shared__header_html_erb___3713260107560657124_69924538954260'
app/views/admins/index.html.erb:3:in `_app_views_admins_index_html_erb___415590618661544745_69924538986420'
  Rendering /home/minions/.rvm/gems/ruby-2.3.1/gems/actionpack-5.0.0.rc2/lib/action_dispatch/middleware/templates/rescues/template_error.html.erb within rescues/layout
  Rendering /home/minions/.rvm/gems/ruby-2.3.1/gems/actionpack-5.0.0.rc2/lib/action_dispatch/middleware/templates/rescues/_source.html.erb
  Rendered /home/minions/.rvm/gems/ruby-2.3.1/gems/actionpack-5.0.0.rc2/lib/action_dispatch/middleware/templates/rescues/_source.html.erb (7.0ms)
  Rendering /home/minions/.rvm/gems/ruby-2.3.1/gems/actionpack-5.0.0.rc2/lib/action_dispatch/middleware/templates/rescues/_trace.html.erb
  Rendered /home/minions/.rvm/gems/ruby-2.3.1/gems/actionpack-5.0.0.rc2/lib/action_dispatch/middleware/templates/rescues/_trace.html.erb (2.7ms)
  Rendering /home/minions/.rvm/gems/ruby-2.3.1/gems/actionpack-5.0.0.rc2/lib/action_dispatch/middleware/templates/rescues/_request_and_response.html.erb
  Rendered /home/minions/.rvm/gems/ruby-2.3.1/gems/actionpack-5.0.0.rc2/lib/action_dispatch/middleware/templates/rescues/_request_and_response.html.erb (1.1ms)
  Rendered /home/minions/.rvm/gems/ruby-2.3.1/gems/actionpack-5.0.0.rc2/lib/action_dispatch/middleware/templates/rescues/template_error.html.erb within rescues/layout (27.7ms)
Started GET "/users/sign_in" for 127.0.0.1 at 2016-06-28 13:04:58 +0530
Processing by Users::SessionsController#new as HTML
  [1m[36mUser Load (0.4ms)[0m  [1m[34mSELECT  "users".* FROM "users" WHERE "users"."id" = ? ORDER BY "users"."id" ASC LIMIT ?[0m  [["id", 1], ["LIMIT", 1]]
Redirected to http://localhost:3000/
Filter chain halted as :require_no_authentication rendered or redirected
Completed 302 Found in 4ms (ActiveRecord: 0.4ms)


Started GET "/" for 127.0.0.1 at 2016-06-28 13:04:58 +0530
Processing by AdminsController#index as HTML
  [1m[36mUser Load (0.2ms)[0m  [1m[34mSELECT  "users".* FROM "users" WHERE "users"."id" = ? ORDER BY "users"."id" ASC LIMIT ?[0m  [["id", 1], ["LIMIT", 1]]
  Rendering admins/index.html.erb within layouts/application
  Rendered shared/_header.html.erb (0.8ms)
  [1m[36mUser Load (0.2ms)[0m  [1m[34mSELECT "users".* FROM "users"[0m
  Rendered admins/index.html.erb within layouts/application (3.5ms)
Completed 200 OK in 36ms (Views: 32.6ms | ActiveRecord: 0.5ms)


Started DELETE "/users/sign_out" for 127.0.0.1 at 2016-06-28 13:05:01 +0530
Processing by Users::SessionsController#destroy as HTML
  Parameters: {"authenticity_token"=>"Fj7SkMd2V+OifSn5ncIEOW2yZopFcb1MKgPN5Bq0cCZNkTPPJvtzUEJPi+8ozPRUWraoSvBww2WCeGTMzGt7kA=="}
  [1m[36mUser Load (0.2ms)[0m  [1m[34mSELECT  "users".* FROM "users" WHERE "users"."id" = ? ORDER BY "users"."id" ASC LIMIT ?[0m  [["id", 1], ["LIMIT", 1]]
  [1m[35m (0.1ms)[0m  [1m[36mbegin transaction[0m
  [1m[35m (0.1ms)[0m  [1m[36mcommit transaction[0m
Redirected to http://localhost:3000/
Completed 302 Found in 10ms (ActiveRecord: 0.5ms)


Started GET "/" for 127.0.0.1 at 2016-06-28 13:05:01 +0530
Processing by AdminsController#index as HTML
Completed 401 Unauthorized in 1ms (ActiveRecord: 0.0ms)


Started GET "/users/sign_in" for 127.0.0.1 at 2016-06-28 13:05:01 +0530
Processing by Users::SessionsController#new as HTML
  Rendering devise/sessions/new.html.erb within layouts/application
  Rendered devise/shared/_links.html.erb (1.8ms)
  Rendered devise/sessions/new.html.erb within layouts/application (7.3ms)
Completed 200 OK in 52ms (Views: 49.5ms | ActiveRecord: 0.0ms)


  [1m[36mActiveRecord::SchemaMigration Load (0.2ms)[0m  [1m[34mSELECT "schema_migrations".* FROM "schema_migrations"[0m
Migrating to AddKindUsernameToUsers (20160628074452)
  [1m[35m (0.1ms)[0m  [1m[36mbegin transaction[0m
  [1m[35m (1.7ms)[0m  [1m[35mALTER TABLE "users" ADD "kind" intger[0m
  [1m[35m (0.4ms)[0m  [1m[35mALTER TABLE "users" ADD "username" varchar[0m
  [1m[35mSQL (0.3ms)[0m  [1m[32mINSERT INTO "schema_migrations" ("version") VALUES (?)[0m  [["version", "20160628074452"]]
  [1m[35m (175.3ms)[0m  [1m[36mcommit transaction[0m
  [1m[36mActiveRecord::InternalMetadata Load (0.3ms)[0m  [1m[34mSELECT  "ar_internal_metadata".* FROM "ar_internal_metadata" WHERE "ar_internal_metadata"."key" = ? LIMIT ?[0m  [["key", :environment], ["LIMIT", 1]]
  [1m[35m (0.1ms)[0m  [1m[36mbegin transaction[0m
  [1m[35m (0.1ms)[0m  [1m[36mcommit transaction[0m
  [1m[36mActiveRecord::SchemaMigration Load (0.2ms)[0m  [1m[34mSELECT "schema_migrations".* FROM "schema_migrations"[0m
  [1m[35m (0.1ms)[0m  [1m[34m            SELECT sql
            FROM sqlite_master
            WHERE name='index_users_on_reset_password_token' AND type='index'
            UNION ALL
            SELECT sql
            FROM sqlite_temp_master
            WHERE name='index_users_on_reset_password_token' AND type='index'
[0m
  [1m[35m (0.1ms)[0m  [1m[34m            SELECT sql
            FROM sqlite_master
            WHERE name='index_users_on_email' AND type='index'
            UNION ALL
            SELECT sql
            FROM sqlite_temp_master
            WHERE name='index_users_on_email' AND type='index'
[0m
Started GET "/users/sign_in" for 127.0.0.1 at 2016-06-28 13:18:37 +0530
  [1m[36mActiveRecord::SchemaMigration Load (20.7ms)[0m  [1m[34mSELECT "schema_migrations".* FROM "schema_migrations"[0m
Processing by Users::SessionsController#new as HTML
  Rendering devise/sessions/new.html.erb within layouts/application
  Rendered devise/shared/_links.html.erb (1.7ms)
  Rendered devise/sessions/new.html.erb within layouts/application (7.5ms)
Completed 200 OK in 102ms (Views: 79.5ms | ActiveRecord: 1.3ms)


Started GET "/" for 127.0.0.1 at 2016-06-28 18:13:38 +0530
  [1m[36mActiveRecord::SchemaMigration Load (0.2ms)[0m  [1m[34mSELECT "schema_migrations".* FROM "schema_migrations"[0m
Processing by AdminsController#index as HTML
Completed 401 Unauthorized in 27ms (ActiveRecord: 0.0ms)


Started GET "/users/sign_in" for 127.0.0.1 at 2016-06-28 18:13:38 +0530
Processing by Users::SessionsController#new as HTML
  Rendering devise/sessions/new.html.erb within layouts/application
  Rendered devise/shared/_links.html.erb (1.7ms)
  Rendered devise/sessions/new.html.erb within layouts/application (25.3ms)
Completed 200 OK in 931ms (Views: 911.4ms | ActiveRecord: 0.8ms)


Started GET "/users/sign_in" for 127.0.0.1 at 2016-06-28 18:17:13 +0530
Processing by Users::SessionsController#new as HTML
  Rendering devise/sessions/new.html.erb within layouts/application
  Rendered devise/sessions/new.html.erb within layouts/application (27.7ms)
Completed 500 Internal Server Error in 36ms (ActiveRecord: 0.0ms)


  
ActionView::Template::Error (Missing partial devise/_new with {:locale=>[:en], :formats=>[:html], :variants=>[], :handlers=>[:raw, :erb, :html, :builder, :ruby, :coffee, :jbuilder]}. Searched in:
  * "/home/minions/Documents/WorkProjects/saksharta_old/app/views"
  * "/home/minions/.rvm/gems/ruby-2.3.0/gems/devise-4.1.1/app/views"
):
     9: <div>
    10:   <%= link_to 'Admin' %>
    11: </div>
    12: <%= render "devise/new" %>
    13: 
    14: <%= render "devise/shared/links" %>
  
app/views/devise/sessions/new.html.erb:12:in `_app_views_devise_sessions_new_html_erb__3908744472642785961_70011235883740'
  Rendering /home/minions/.rvm/gems/ruby-2.3.0/gems/actionpack-5.0.0.rc2/lib/action_dispatch/middleware/templates/rescues/template_error.html.erb within rescues/layout
  Rendering /home/minions/.rvm/gems/ruby-2.3.0/gems/actionpack-5.0.0.rc2/lib/action_dispatch/middleware/templates/rescues/_source.html.erb
  Rendered /home/minions/.rvm/gems/ruby-2.3.0/gems/actionpack-5.0.0.rc2/lib/action_dispatch/middleware/templates/rescues/_source.html.erb (5.1ms)
  Rendering /home/minions/.rvm/gems/ruby-2.3.0/gems/actionpack-5.0.0.rc2/lib/action_dispatch/middleware/templates/rescues/_trace.html.erb
  Rendered /home/minions/.rvm/gems/ruby-2.3.0/gems/actionpack-5.0.0.rc2/lib/action_dispatch/middleware/templates/rescues/_trace.html.erb (2.3ms)
  Rendering /home/minions/.rvm/gems/ruby-2.3.0/gems/actionpack-5.0.0.rc2/lib/action_dispatch/middleware/templates/rescues/_request_and_response.html.erb
  Rendered /home/minions/.rvm/gems/ruby-2.3.0/gems/actionpack-5.0.0.rc2/lib/action_dispatch/middleware/templates/rescues/_request_and_response.html.erb (1.0ms)
  Rendered /home/minions/.rvm/gems/ruby-2.3.0/gems/actionpack-5.0.0.rc2/lib/action_dispatch/middleware/templates/rescues/template_error.html.erb within rescues/layout (28.1ms)
Started GET "/users/sign_in" for 127.0.0.1 at 2016-06-28 18:17:51 +0530
Processing by Users::SessionsController#new as HTML
  Rendering devise/sessions/new.html.erb within layouts/application
  Rendered devise/sessions/_new.html.erb (3.3ms)
  Rendered devise/shared/_links.html.erb (1.3ms)
  Rendered devise/sessions/new.html.erb within layouts/application (7.6ms)
Completed 200 OK in 36ms (Views: 34.6ms | ActiveRecord: 0.0ms)


Started GET "/rails/info/routes" for 127.0.0.1 at 2016-06-28 18:18:17 +0530
Processing by Rails::InfoController#routes as HTML
  Parameters: {"internal"=>true}
  Rendering /home/minions/.rvm/gems/ruby-2.3.0/gems/railties-5.0.0.rc2/lib/rails/templates/rails/info/routes.html.erb within layouts/application
  Rendered collection of /home/minions/.rvm/gems/ruby-2.3.0/gems/actionpack-5.0.0.rc2/lib/action_dispatch/middleware/templates/routes/_route.html.erb [24 times] (24.4ms)
  Rendered /home/minions/.rvm/gems/ruby-2.3.0/gems/actionpack-5.0.0.rc2/lib/action_dispatch/middleware/templates/routes/_table.html.erb (9.6ms)
  Rendered /home/minions/.rvm/gems/ruby-2.3.0/gems/railties-5.0.0.rc2/lib/rails/templates/rails/info/routes.html.erb within layouts/application (50.3ms)
Completed 200 OK in 63ms (Views: 54.0ms | ActiveRecord: 0.0ms)


Started GET "/" for 127.0.0.1 at 2016-06-29 11:00:14 +0530
  [1m[36mActiveRecord::SchemaMigration Load (0.2ms)[0m  [1m[34mSELECT "schema_migrations".* FROM "schema_migrations"[0m
Processing by AdminsController#index as HTML
Completed 401 Unauthorized in 18ms (ActiveRecord: 0.0ms)


Started GET "/users/sign_in" for 127.0.0.1 at 2016-06-29 11:00:15 +0530
Processing by Users::SessionsController#new as HTML
  Rendering devise/sessions/new.html.erb within layouts/application
  Rendered devise/shared/_links.html.erb (2.4ms)
  Rendered devise/sessions/new.html.erb within layouts/application (30.7ms)
Completed 200 OK in 513ms (Views: 477.8ms | ActiveRecord: 1.0ms)


Started POST "/users/sign_in" for 127.0.0.1 at 2016-06-29 11:00:20 +0530
Processing by Users::SessionsController#create as HTML
  Parameters: {"utf8"=>"✓", "authenticity_token"=>"o2z6zrlKCgSeacZ3ByCbc9+XxerRwrC47SnC7RJbHayA0G7Td+YML5lYO5D81IFpnpLYer7v31EdJQow6SLp+Q==", "user"=>{"email"=>"shilpi.kayal@gmail.com", "password"=>"[FILTERED]", "remember_me"=>"0"}, "commit"=>"Log in"}
  [1m[36mUser Load (0.4ms)[0m  [1m[34mSELECT  "users".* FROM "users" WHERE "users"."email" = ? ORDER BY "users"."id" ASC LIMIT ?[0m  [["email", "shilpi.kayal@gmail.com"], ["LIMIT", 1]]
Completed 401 Unauthorized in 217ms (ActiveRecord: 0.4ms)


Processing by Users::SessionsController#new as HTML
  Parameters: {"utf8"=>"✓", "authenticity_token"=>"o2z6zrlKCgSeacZ3ByCbc9+XxerRwrC47SnC7RJbHayA0G7Td+YML5lYO5D81IFpnpLYer7v31EdJQow6SLp+Q==", "user"=>{"email"=>"shilpi.kayal@gmail.com", "password"=>"[FILTERED]", "remember_me"=>"0"}, "commit"=>"Log in"}
  Rendering devise/sessions/new.html.erb within layouts/application
  Rendered devise/shared/_links.html.erb (1.1ms)
  Rendered devise/sessions/new.html.erb within layouts/application (4.3ms)
Completed 200 OK in 153ms (Views: 26.3ms | ActiveRecord: 0.0ms)


Started POST "/users/sign_in" for 127.0.0.1 at 2016-06-29 11:00:47 +0530
Processing by Users::SessionsController#create as HTML
  Parameters: {"utf8"=>"✓", "authenticity_token"=>"ftRQ7QxqDlBRrPocQz5U3jnTBlhzAqCfjCHQXS+jshVdaMTwwsYIe1adB/u4yk7EeNYbyBwvz3Z8LRiA1NpGQA==", "user"=>{"email"=>"shilpi.kayal@gmail.com", "password"=>"[FILTERED]", "remember_me"=>"0"}, "commit"=>"Log in"}
  [1m[36mUser Load (0.3ms)[0m  [1m[34mSELECT  "users".* FROM "users" WHERE "users"."email" = ? ORDER BY "users"."id" ASC LIMIT ?[0m  [["email", "shilpi.kayal@gmail.com"], ["LIMIT", 1]]
  [1m[35m (0.1ms)[0m  [1m[36mbegin transaction[0m
  [1m[35mSQL (14.7ms)[0m  [1m[33mUPDATE "users" SET "current_sign_in_at" = ?, "sign_in_count" = ?, "updated_at" = ? WHERE "users"."id" = ?[0m  [["current_sign_in_at", 2016-06-29 05:30:47 UTC], ["sign_in_count", 2], ["updated_at", 2016-06-29 05:30:47 UTC], ["id", 1]]
  [1m[35m (135.0ms)[0m  [1m[36mcommit transaction[0m
Redirected to http://localhost:3000/
Completed 302 Found in 314ms (ActiveRecord: 150.1ms)


Started GET "/" for 127.0.0.1 at 2016-06-29 11:00:47 +0530
Processing by AdminsController#index as HTML
  [1m[36mUser Load (0.3ms)[0m  [1m[34mSELECT  "users".* FROM "users" WHERE "users"."id" = ? ORDER BY "users"."id" ASC LIMIT ?[0m  [["id", 1], ["LIMIT", 1]]
  Rendering admins/index.html.erb within layouts/application
  Rendered shared/_header.html.erb (0.7ms)
  [1m[36mUser Load (0.2ms)[0m  [1m[34mSELECT "users".* FROM "users"[0m
  Rendered admins/index.html.erb within layouts/application (10.0ms)
Completed 200 OK in 36ms (Views: 32.7ms | ActiveRecord: 0.5ms)


Started DELETE "/users/sign_out" for 127.0.0.1 at 2016-06-29 11:00:52 +0530
Processing by Users::SessionsController#destroy as HTML
  Parameters: {"authenticity_token"=>"CVTq0o6EXU1TKW/AL5El3P1TTgyZiVeyUoss5SbHqh0/+i0q4Rczmi3bvaRov0+9A+GWnWsVqZFtkZkceK9goQ=="}
  [1m[36mUser Load (0.2ms)[0m  [1m[34mSELECT  "users".* FROM "users" WHERE "users"."id" = ? ORDER BY "users"."id" ASC LIMIT ?[0m  [["id", 1], ["LIMIT", 1]]
  [1m[35m (0.1ms)[0m  [1m[36mbegin transaction[0m
  [1m[35m (0.1ms)[0m  [1m[36mcommit transaction[0m
Redirected to http://localhost:3000/
Completed 302 Found in 19ms (ActiveRecord: 0.4ms)


Started GET "/" for 127.0.0.1 at 2016-06-29 11:00:52 +0530
Processing by AdminsController#index as HTML
Completed 401 Unauthorized in 1ms (ActiveRecord: 0.0ms)


Started GET "/users/sign_in" for 127.0.0.1 at 2016-06-29 11:00:52 +0530
Processing by Users::SessionsController#new as HTML
  Rendering devise/sessions/new.html.erb within layouts/application
  Rendered devise/shared/_links.html.erb (1.1ms)
  Rendered devise/sessions/new.html.erb within layouts/application (4.4ms)
Completed 200 OK in 29ms (Views: 27.6ms | ActiveRecord: 0.0ms)


Started POST "/users/sign_in" for 127.0.0.1 at 2016-06-29 11:00:58 +0530
Processing by Users::SessionsController#create as HTML
  Parameters: {"utf8"=>"✓", "authenticity_token"=>"JmjtwCDTJ4TGfnjXb4tLqv4dOpSDonVDeprCU3k+hf8eKUHRK2UUGiA/AdW/ZBRGP23W6cTIOLD7647qmNBz6w==", "user"=>{"email"=>"shilpi.kayal@gmail.com", "password"=>"[FILTERED]", "remember_me"=>"0"}, "commit"=>"Log in"}
  [1m[36mUser Load (0.4ms)[0m  [1m[34mSELECT  "users".* FROM "users" WHERE "users"."email" = ? ORDER BY "users"."id" ASC LIMIT ?[0m  [["email", "shilpi.kayal@gmail.com"], ["LIMIT", 1]]
Completed 401 Unauthorized in 129ms (ActiveRecord: 0.4ms)


Processing by Users::SessionsController#new as HTML
  Parameters: {"utf8"=>"✓", "authenticity_token"=>"JmjtwCDTJ4TGfnjXb4tLqv4dOpSDonVDeprCU3k+hf8eKUHRK2UUGiA/AdW/ZBRGP23W6cTIOLD7647qmNBz6w==", "user"=>{"email"=>"shilpi.kayal@gmail.com", "password"=>"[FILTERED]", "remember_me"=>"0"}, "commit"=>"Log in"}
  Rendering devise/sessions/new.html.erb within layouts/application
  Rendered devise/shared/_links.html.erb (1.2ms)
  Rendered devise/sessions/new.html.erb within layouts/application (4.3ms)
Completed 200 OK in 192ms (Views: 65.7ms | ActiveRecord: 0.0ms)


Started POST "/users/sign_in" for 127.0.0.1 at 2016-06-29 11:01:05 +0530
Processing by Users::SessionsController#create as HTML
  Parameters: {"utf8"=>"✓", "authenticity_token"=>"HBpNBzcAi3UWgl9qg0rwzbJckJX8EPkLuxbYgy9+M6wkW+EWPLa46/DDJmhTpa8hcyx86Lt6tPg6Z5Q6zpDFuA==", "user"=>{"email"=>"shilpi.kayal@gmail.com", "password"=>"[FILTERED]", "remember_me"=>"0"}, "commit"=>"Log in"}
  [1m[36mUser Load (0.3ms)[0m  [1m[34mSELECT  "users".* FROM "users" WHERE "users"."email" = ? ORDER BY "users"."id" ASC LIMIT ?[0m  [["email", "shilpi.kayal@gmail.com"], ["LIMIT", 1]]
  [1m[35m (0.1ms)[0m  [1m[36mbegin transaction[0m
  [1m[35mSQL (0.8ms)[0m  [1m[33mUPDATE "users" SET "current_sign_in_at" = ?, "last_sign_in_at" = ?, "sign_in_count" = ?, "updated_at" = ? WHERE "users"."id" = ?[0m  [["current_sign_in_at", 2016-06-29 05:31:05 UTC], ["last_sign_in_at", 2016-06-29 05:30:47 UTC], ["sign_in_count", 3], ["updated_at", 2016-06-29 05:31:05 UTC], ["id", 1]]
  [1m[35m (113.5ms)[0m  [1m[36mcommit transaction[0m
Redirected to http://localhost:3000/
Completed 302 Found in 253ms (ActiveRecord: 114.6ms)


Started GET "/" for 127.0.0.1 at 2016-06-29 11:01:05 +0530
Processing by AdminsController#index as HTML
  [1m[36mUser Load (0.3ms)[0m  [1m[34mSELECT  "users".* FROM "users" WHERE "users"."id" = ? ORDER BY "users"."id" ASC LIMIT ?[0m  [["id", 1], ["LIMIT", 1]]
  Rendering admins/index.html.erb within layouts/application
  Rendered shared/_header.html.erb (0.9ms)
  [1m[36mUser Load (0.3ms)[0m  [1m[34mSELECT "users".* FROM "users"[0m
  Rendered admins/index.html.erb within layouts/application (3.5ms)
Completed 200 OK in 33ms (Views: 29.5ms | ActiveRecord: 0.5ms)


Started GET "/" for 127.0.0.1 at 2016-06-29 11:16:06 +0530
Processing by AdminsController#index as HTML
  [1m[36mUser Load (0.3ms)[0m  [1m[34mSELECT  "users".* FROM "users" WHERE "users"."id" = ? ORDER BY "users"."id" ASC LIMIT ?[0m  [["id", 1], ["LIMIT", 1]]
  Rendering admins/index.html.erb within layouts/application
  Rendered shared/_header.html.erb (0.8ms)
  [1m[36mUser Load (0.2ms)[0m  [1m[34mSELECT "users".* FROM "users"[0m
  Rendered admins/index.html.erb within layouts/application (6.6ms)
Completed 500 Internal Server Error in 23ms (ActiveRecord: 0.5ms)


  
ActionView::Template::Error (couldn't find file 'bootstrap/dist/css/bootstrap.min' with type 'text/css'):
    4:     <title>Saksharta</title>
    5:     <%= csrf_meta_tags %>
    6: 
    7:     <%= stylesheet_link_tag    'application', media: 'all', 'data-turbolinks-track': 'reload' %>
    8:     <%= javascript_include_tag 'application', 'data-turbolinks-track': 'reload' %>
    9:   </head>
   10: 
  
app/assets/stylesheets/application.css:13
app/views/layouts/application.html.erb:7:in `_app_views_layouts_application_html_erb__2903990635803303587_70003404464280'
  Rendering /home/minions/.rvm/gems/ruby-2.3.0/gems/actionpack-5.0.0.rc2/lib/action_dispatch/middleware/templates/rescues/template_error.html.erb within rescues/layout
  Rendering /home/minions/.rvm/gems/ruby-2.3.0/gems/actionpack-5.0.0.rc2/lib/action_dispatch/middleware/templates/rescues/_source.html.erb
  Rendered /home/minions/.rvm/gems/ruby-2.3.0/gems/actionpack-5.0.0.rc2/lib/action_dispatch/middleware/templates/rescues/_source.html.erb (6.2ms)
  Rendering /home/minions/.rvm/gems/ruby-2.3.0/gems/actionpack-5.0.0.rc2/lib/action_dispatch/middleware/templates/rescues/_trace.html.erb
  Rendered /home/minions/.rvm/gems/ruby-2.3.0/gems/actionpack-5.0.0.rc2/lib/action_dispatch/middleware/templates/rescues/_trace.html.erb (2.8ms)
  Rendering /home/minions/.rvm/gems/ruby-2.3.0/gems/actionpack-5.0.0.rc2/lib/action_dispatch/middleware/templates/rescues/_request_and_response.html.erb
  Rendered /home/minions/.rvm/gems/ruby-2.3.0/gems/actionpack-5.0.0.rc2/lib/action_dispatch/middleware/templates/rescues/_request_and_response.html.erb (0.8ms)
  Rendered /home/minions/.rvm/gems/ruby-2.3.0/gems/actionpack-5.0.0.rc2/lib/action_dispatch/middleware/templates/rescues/template_error.html.erb within rescues/layout (33.0ms)
Started GET "/" for 127.0.0.1 at 2016-06-29 11:17:00 +0530
Processing by AdminsController#index as HTML
  [1m[36mUser Load (2.3ms)[0m  [1m[34mSELECT  "users".* FROM "users" WHERE "users"."id" = ? ORDER BY "users"."id" ASC LIMIT ?[0m  [["id", 1], ["LIMIT", 1]]
  Rendering admins/index.html.erb within layouts/application
  Rendered shared/_header.html.erb (0.7ms)
  [1m[36mUser Load (0.3ms)[0m  [1m[34mSELECT "users".* FROM "users"[0m
  Rendered admins/index.html.erb within layouts/application (4.5ms)
Completed 500 Internal Server Error in 17ms (ActiveRecord: 2.6ms)


  
ActionView::Template::Error (couldn't find file 'bootstrap/dist/css/bootstrap.min' with type 'text/css'):
    4:     <title>Saksharta</title>
    5:     <%= csrf_meta_tags %>
    6: 
    7:     <%= stylesheet_link_tag    'application', media: 'all', 'data-turbolinks-track': 'reload' %>
    8:     <%= javascript_include_tag 'application', 'data-turbolinks-track': 'reload' %>
    9:   </head>
   10: 
  
app/assets/stylesheets/application.css:13
app/views/layouts/application.html.erb:7:in `_app_views_layouts_application_html_erb__2903990635803303587_70003520088200'
  Rendering /home/minions/.rvm/gems/ruby-2.3.0/gems/actionpack-5.0.0.rc2/lib/action_dispatch/middleware/templates/rescues/template_error.html.erb within rescues/layout
  Rendering /home/minions/.rvm/gems/ruby-2.3.0/gems/actionpack-5.0.0.rc2/lib/action_dispatch/middleware/templates/rescues/_source.html.erb
  Rendered /home/minions/.rvm/gems/ruby-2.3.0/gems/actionpack-5.0.0.rc2/lib/action_dispatch/middleware/templates/rescues/_source.html.erb (7.1ms)
  Rendering /home/minions/.rvm/gems/ruby-2.3.0/gems/actionpack-5.0.0.rc2/lib/action_dispatch/middleware/templates/rescues/_trace.html.erb
  Rendered /home/minions/.rvm/gems/ruby-2.3.0/gems/actionpack-5.0.0.rc2/lib/action_dispatch/middleware/templates/rescues/_trace.html.erb (2.6ms)
  Rendering /home/minions/.rvm/gems/ruby-2.3.0/gems/actionpack-5.0.0.rc2/lib/action_dispatch/middleware/templates/rescues/_request_and_response.html.erb
  Rendered /home/minions/.rvm/gems/ruby-2.3.0/gems/actionpack-5.0.0.rc2/lib/action_dispatch/middleware/templates/rescues/_request_and_response.html.erb (1.0ms)
  Rendered /home/minions/.rvm/gems/ruby-2.3.0/gems/actionpack-5.0.0.rc2/lib/action_dispatch/middleware/templates/rescues/template_error.html.erb within rescues/layout (27.8ms)
Started GET "/" for 127.0.0.1 at 2016-06-29 11:17:23 +0530
Processing by AdminsController#index as HTML
  [1m[36mUser Load (0.2ms)[0m  [1m[34mSELECT  "users".* FROM "users" WHERE "users"."id" = ? ORDER BY "users"."id" ASC LIMIT ?[0m  [["id", 1], ["LIMIT", 1]]
  Rendering admins/index.html.erb within layouts/application
  Rendered shared/_header.html.erb (0.8ms)
  [1m[36mUser Load (0.3ms)[0m  [1m[34mSELECT "users".* FROM "users"[0m
  Rendered admins/index.html.erb within layouts/application (3.6ms)
Completed 500 Internal Server Error in 15ms (ActiveRecord: 0.5ms)


  
ActionView::Template::Error (couldn't find file 'bootstrap/dist/css/bootstrap.min.css' with type 'text/css'):
    4:     <title>Saksharta</title>
    5:     <%= csrf_meta_tags %>
    6: 
    7:     <%= stylesheet_link_tag    'application', media: 'all', 'data-turbolinks-track': 'reload' %>
    8:     <%= javascript_include_tag 'application', 'data-turbolinks-track': 'reload' %>
    9:   </head>
   10: 
  
app/assets/stylesheets/application.css:13
app/views/layouts/application.html.erb:7:in `_app_views_layouts_application_html_erb__2903990635803303587_70003517186220'
  Rendering /home/minions/.rvm/gems/ruby-2.3.0/gems/actionpack-5.0.0.rc2/lib/action_dispatch/middleware/templates/rescues/template_error.html.erb within rescues/layout
  Rendering /home/minions/.rvm/gems/ruby-2.3.0/gems/actionpack-5.0.0.rc2/lib/action_dispatch/middleware/templates/rescues/_source.html.erb
  Rendered /home/minions/.rvm/gems/ruby-2.3.0/gems/actionpack-5.0.0.rc2/lib/action_dispatch/middleware/templates/rescues/_source.html.erb (6.7ms)
  Rendering /home/minions/.rvm/gems/ruby-2.3.0/gems/actionpack-5.0.0.rc2/lib/action_dispatch/middleware/templates/rescues/_trace.html.erb
  Rendered /home/minions/.rvm/gems/ruby-2.3.0/gems/actionpack-5.0.0.rc2/lib/action_dispatch/middleware/templates/rescues/_trace.html.erb (2.5ms)
  Rendering /home/minions/.rvm/gems/ruby-2.3.0/gems/actionpack-5.0.0.rc2/lib/action_dispatch/middleware/templates/rescues/_request_and_response.html.erb
  Rendered /home/minions/.rvm/gems/ruby-2.3.0/gems/actionpack-5.0.0.rc2/lib/action_dispatch/middleware/templates/rescues/_request_and_response.html.erb (1.0ms)
  Rendered /home/minions/.rvm/gems/ruby-2.3.0/gems/actionpack-5.0.0.rc2/lib/action_dispatch/middleware/templates/rescues/template_error.html.erb within rescues/layout (27.1ms)
Started GET "/" for 127.0.0.1 at 2016-06-29 11:18:22 +0530
Processing by AdminsController#index as HTML
  [1m[36mUser Load (0.3ms)[0m  [1m[34mSELECT  "users".* FROM "users" WHERE "users"."id" = ? ORDER BY "users"."id" ASC LIMIT ?[0m  [["id", 1], ["LIMIT", 1]]
  Rendering admins/index.html.erb within layouts/application
  Rendered shared/_header.html.erb (0.7ms)
  [1m[36mUser Load (0.2ms)[0m  [1m[34mSELECT "users".* FROM "users"[0m
  Rendered admins/index.html.erb within layouts/application (4.7ms)
Completed 500 Internal Server Error in 15ms (ActiveRecord: 0.5ms)


  
ActionView::Template::Error (couldn't find file 'bootstrap/dist/css/bootstrap.css' with type 'text/css'):
    4:     <title>Saksharta</title>
    5:     <%= csrf_meta_tags %>
    6: 
    7:     <%= stylesheet_link_tag    'application', media: 'all', 'data-turbolinks-track': 'reload' %>
    8:     <%= javascript_include_tag 'application', 'data-turbolinks-track': 'reload' %>
    9:   </head>
   10: 
  
app/assets/stylesheets/application.css:13
app/views/layouts/application.html.erb:7:in `_app_views_layouts_application_html_erb__2903990635803303587_70003513785220'
  Rendering /home/minions/.rvm/gems/ruby-2.3.0/gems/actionpack-5.0.0.rc2/lib/action_dispatch/middleware/templates/rescues/template_error.html.erb within rescues/layout
  Rendering /home/minions/.rvm/gems/ruby-2.3.0/gems/actionpack-5.0.0.rc2/lib/action_dispatch/middleware/templates/rescues/_source.html.erb
  Rendered /home/minions/.rvm/gems/ruby-2.3.0/gems/actionpack-5.0.0.rc2/lib/action_dispatch/middleware/templates/rescues/_source.html.erb (6.4ms)
  Rendering /home/minions/.rvm/gems/ruby-2.3.0/gems/actionpack-5.0.0.rc2/lib/action_dispatch/middleware/templates/rescues/_trace.html.erb
  Rendered /home/minions/.rvm/gems/ruby-2.3.0/gems/actionpack-5.0.0.rc2/lib/action_dispatch/middleware/templates/rescues/_trace.html.erb (2.9ms)
  Rendering /home/minions/.rvm/gems/ruby-2.3.0/gems/actionpack-5.0.0.rc2/lib/action_dispatch/middleware/templates/rescues/_request_and_response.html.erb
  Rendered /home/minions/.rvm/gems/ruby-2.3.0/gems/actionpack-5.0.0.rc2/lib/action_dispatch/middleware/templates/rescues/_request_and_response.html.erb (0.8ms)
  Rendered /home/minions/.rvm/gems/ruby-2.3.0/gems/actionpack-5.0.0.rc2/lib/action_dispatch/middleware/templates/rescues/template_error.html.erb within rescues/layout (26.5ms)
Started GET "/" for 127.0.0.1 at 2016-06-29 11:18:45 +0530
  [1m[36mActiveRecord::SchemaMigration Load (0.2ms)[0m  [1m[34mSELECT "schema_migrations".* FROM "schema_migrations"[0m
Processing by AdminsController#index as HTML
  [1m[36mUser Load (0.3ms)[0m  [1m[34mSELECT  "users".* FROM "users" WHERE "users"."id" = ? ORDER BY "users"."id" ASC LIMIT ?[0m  [["id", 1], ["LIMIT", 1]]
  Rendering admins/index.html.erb within layouts/application
  Rendered shared/_header.html.erb (4.1ms)
  [1m[36mUser Load (0.2ms)[0m  [1m[34mSELECT "users".* FROM "users"[0m
  Rendered admins/index.html.erb within layouts/application (7.6ms)
Completed 200 OK in 962ms (Views: 917.8ms | ActiveRecord: 1.3ms)


Started GET "/" for 127.0.0.1 at 2016-06-29 11:23:33 +0530
Processing by AdminsController#index as HTML
  [1m[36mUser Load (0.3ms)[0m  [1m[34mSELECT  "users".* FROM "users" WHERE "users"."id" = ? ORDER BY "users"."id" ASC LIMIT ?[0m  [["id", 1], ["LIMIT", 1]]
  Rendering admins/index.html.erb within layouts/application
  Rendered shared/_header.html.erb (1.7ms)
  [1m[36mUser Load (0.7ms)[0m  [1m[34mSELECT "users".* FROM "users"[0m
  Rendered admins/index.html.erb within layouts/application (7.8ms)
Completed 200 OK in 98ms (Views: 93.3ms | ActiveRecord: 1.0ms)


